/__w/mn-samples-ietf/mn-samples-ietf/site/documents/example/document.err errors


== Metanorma XML Style Warning

(XML Line 000348): Hanging paragraph in clause
	<clause id="frame" inline-header="false" obligation="normative"><title>Frame Format</title><p id="_c1aba735-8eb2-4680-96bf-b07f977ab00d">The IP <em>datagram</em> is <strong>printed</strong>, on a small scroll of paper, in
	hexadecimal, with each octet separated by whitestuff and blackstuff.
	The scroll of paper is wrapped around one leg of the avian carrier.
	A band of duct tape is used to secure the datagram's edges.  The
	bandwidth is limited to the leg length.  The MTU is variable, and
(XML Line 000402): Hanging paragraph in clause
	<clause id="_definitions" inline-header="false" obligation="normative"><title>Definitions</title><dl id="_5e6bcb15-a12e-46c6-ba93-e479aef04291">
	<dt>OSCCA-compliant</dt>
	<dd>
	<p id="_0c86d5be-e391-425d-9a5f-66d5b3f96cbf">All cryptographic algorithms used are compliant with OSCCA  regulations.</p>
	</dd>
(XML Line 000456): Hanging paragraph in clause
	<clause id="_supported_algorithms" inline-header="false" obligation="normative">
	<title>Supported Algorithms</title>
	<clause id="_public_key_algorithms" inline-header="false" obligation="normative"><title>Public Key Algorithms</title><p id="_8ca455f9-2e43-4bb2-a922-e2b147522107">The SM2 algorithm is supported with the following extension.<note id="_390f2368-c723-47a1-9f6a-fe0a5c01a422">
	<p id="_6c3d0c8a-eb5f-4add-a32a-1b42b111d569">ECDH is defined in Section 8 of this document.</p>
	</note></p>


== Document Attributes

(): IETF: unrecognised working group Network Working Group


== Metanorma XML Syntax

(XML Line 000020:41): element "br" not allowed here; expected the element end-tag or text
(XML Line 000020:55): element "br" not allowed here; expected the element end-tag or text
(XML Line 000041:41): element "br" not allowed here; expected the element end-tag or text
(XML Line 000041:55): element "br" not allowed here; expected the element end-tag or text
(XML Line 000324:12): element "workgroup" not allowed here; expected the element end-tag or element "committee"
(XML Line 000334:88): attribute "obligation" not allowed here; expected attribute "language", "numbered", "removeInRFC", "script" or "toc"
